<?xml version="1.0" encoding="UTF-8"?>
<coverage generated="1765821053257" clover="3.2.0">
  <project timestamp="1765821053257" name="All files">
    <metrics statements="33" coveredstatements="32" conditionals="26" coveredconditionals="23" methods="4" coveredmethods="4" elements="63" coveredelements="59" complexity="0" loc="33" ncloc="33" packages="1" files="1" classes="1"/>
    <file name="transport.ts" path="C:\Users\femi-\Documents\trae_projects\n8n-perfex\src\transport.ts">
      <metrics statements="33" coveredstatements="32" conditionals="26" coveredconditionals="23" methods="4" coveredmethods="4"/>
      <line num="2" count="2" type="stmt"/>
      <line num="17" count="2" type="stmt"/>
      <line num="18" count="3" type="stmt"/>
      <line num="19" count="3" type="cond" truecount="2" falsecount="0"/>
      <line num="25" count="2" type="stmt"/>
      <line num="29" count="3" type="cond" truecount="4" falsecount="0"/>
      <line num="30" count="2" type="stmt"/>
      <line num="31" count="2" type="cond" truecount="1" falsecount="2"/>
      <line num="32" count="2" type="stmt"/>
      <line num="34" count="1" type="cond" truecount="3" falsecount="1"/>
      <line num="40" count="2" type="stmt"/>
      <line num="44" count="1" type="stmt"/>
      <line num="51" count="1" type="stmt"/>
      <line num="52" count="1" type="stmt"/>
      <line num="53" count="0" type="stmt"/>
      <line num="55" count="1" type="stmt"/>
      <line num="62" count="2" type="stmt"/>
      <line num="67" count="45" type="stmt"/>
      <line num="68" count="45" type="cond" truecount="7" falsecount="0"/>
      <line num="70" count="17" type="stmt"/>
      <line num="72" count="18" type="cond" truecount="1" falsecount="0"/>
      <line num="73" count="1" type="stmt"/>
      <line num="75" count="4" type="cond" truecount="1" falsecount="0"/>
      <line num="76" count="2" type="cond" truecount="1" falsecount="0"/>
      <line num="77" count="1" type="stmt"/>
      <line num="79" count="2" type="cond" truecount="1" falsecount="0"/>
      <line num="80" count="1" type="stmt"/>
      <line num="82" count="1" type="stmt"/>
      <line num="84" count="2" type="cond" truecount="1" falsecount="0"/>
      <line num="85" count="1" type="stmt"/>
      <line num="87" count="2" type="cond" truecount="1" falsecount="0"/>
      <line num="88" count="1" type="stmt"/>
      <line num="90" count="1" type="stmt"/>
    </file>
  </project>
</coverage>
