{"C:\\Users\\femi-\\Documents\\trae_projects\\n8n-perfex\\src\\transport.ts": {"path":"C:\\Users\\femi-\\Documents\\trae_projects\\n8n-perfex\\src\\transport.ts","statementMap":{"0":{"start":{"line":17,"column":0},"end":{"line":17,"column":16}},"1":{"start":{"line":25,"column":0},"end":{"line":25,"column":16}},"2":{"start":{"line":40,"column":0},"end":{"line":40,"column":7}},"3":{"start":{"line":62,"column":0},"end":{"line":62,"column":16}},"4":{"start":{"line":2,"column":0},"end":{"line":2,"column":50}},"5":{"start":{"line":18,"column":18},"end":{"line":18,"column":45}},"6":{"start":{"line":19,"column":2},"end":{"line":19,"column":63}},"7":{"start":{"line":29,"column":2},"end":{"line":33,"column":3}},"8":{"start":{"line":30,"column":14},"end":{"line":30,"column":26}},"9":{"start":{"line":31,"column":20},"end":{"line":31,"column":60}},"10":{"start":{"line":32,"column":4},"end":{"line":32,"column":88}},"11":{"start":{"line":34,"column":2},"end":{"line":34,"column":81}},"12":{"start":{"line":44,"column":42},"end":{"line":50,"column":4}},"13":{"start":{"line":51,"column":2},"end":{"line":56,"column":3}},"14":{"start":{"line":52,"column":21},"end":{"line":52,"column":105}},"15":{"start":{"line":53,"column":4},"end":{"line":53,"column":20}},"16":{"start":{"line":55,"column":4},"end":{"line":55,"column":35}},"17":{"start":{"line":67,"column":15},"end":{"line":67,"column":33}},"18":{"start":{"line":68,"column":2},"end":{"line":91,"column":3}},"19":{"start":{"line":70,"column":6},"end":{"line":70,"column":43}},"20":{"start":{"line":72,"column":6},"end":{"line":72,"column":52}},"21":{"start":{"line":72,"column":22},"end":{"line":72,"column":52}},"22":{"start":{"line":73,"column":6},"end":{"line":73,"column":61}},"23":{"start":{"line":75,"column":6},"end":{"line":78,"column":7}},"24":{"start":{"line":76,"column":8},"end":{"line":76,"column":62}},"25":{"start":{"line":76,"column":28},"end":{"line":76,"column":62}},"26":{"start":{"line":77,"column":8},"end":{"line":77,"column":94}},"27":{"start":{"line":79,"column":6},"end":{"line":79,"column":60}},"28":{"start":{"line":79,"column":26},"end":{"line":79,"column":60}},"29":{"start":{"line":80,"column":6},"end":{"line":80,"column":92}},"30":{"start":{"line":82,"column":6},"end":{"line":82,"column":44}},"31":{"start":{"line":84,"column":6},"end":{"line":84,"column":52}},"32":{"start":{"line":84,"column":22},"end":{"line":84,"column":52}},"33":{"start":{"line":85,"column":6},"end":{"line":85,"column":61}},"34":{"start":{"line":87,"column":6},"end":{"line":87,"column":52}},"35":{"start":{"line":87,"column":22},"end":{"line":87,"column":52}},"36":{"start":{"line":88,"column":6},"end":{"line":88,"column":64}},"37":{"start":{"line":90,"column":6},"end":{"line":90,"column":60}}},"fnMap":{"0":{"name":"buildUrl","decl":{"start":{"line":17,"column":16},"end":{"line":17,"column":24}},"loc":{"start":{"line":17,"column":54},"end":{"line":20,"column":1}}},"1":{"name":"toNodeError","decl":{"start":{"line":25,"column":16},"end":{"line":25,"column":27}},"loc":{"start":{"line":27,"column":61},"end":{"line":35,"column":1}}},"2":{"name":"perfexRequest","decl":{"start":{"line":40,"column":22},"end":{"line":40,"column":35}},"loc":{"start":{"line":42,"column":31},"end":{"line":57,"column":1}}},"3":{"name":"mapEndpoint","decl":{"start":{"line":62,"column":16},"end":{"line":62,"column":27}},"loc":{"start":{"line":65,"column":42},"end":{"line":92,"column":1}}}},"branchMap":{"0":{"loc":{"start":{"line":19,"column":22},"end":{"line":19,"column":53}},"type":"cond-expr","locations":[{"start":{"line":19,"column":45},"end":{"line":19,"column":47}},{"start":{"line":19,"column":50},"end":{"line":19,"column":53}}]},"1":{"loc":{"start":{"line":29,"column":2},"end":{"line":33,"column":3}},"type":"if","locations":[{"start":{"line":29,"column":2},"end":{"line":33,"column":3}}]},"2":{"loc":{"start":{"line":29,"column":6},"end":{"line":29,"column":65}},"type":"binary-expr","locations":[{"start":{"line":29,"column":6},"end":{"line":29,"column":31}},{"start":{"line":29,"column":35},"end":{"line":29,"column":40}},{"start":{"line":29,"column":44},"end":{"line":29,"column":65}}]},"3":{"loc":{"start":{"line":31,"column":20},"end":{"line":31,"column":60}},"type":"binary-expr","locations":[{"start":{"line":31,"column":20},"end":{"line":31,"column":27}},{"start":{"line":31,"column":31},"end":{"line":31,"column":40}},{"start":{"line":31,"column":44},"end":{"line":31,"column":60}}]},"4":{"loc":{"start":{"line":34,"column":54},"end":{"line":34,"column":78}},"type":"cond-expr","locations":[{"start":{"line":34,"column":54},"end":{"line":34,"column":59}},{"start":{"line":34,"column":63},"end":{"line":34,"column":78}}]},"5":{"loc":{"start":{"line":34,"column":54},"end":{"line":34,"column":63}},"type":"binary-expr","locations":[{"start":{"line":34,"column":54},"end":{"line":34,"column":63}},{"start":{"line":34,"column":54},"end":{"line":34,"column":63}}]},"6":{"loc":{"start":{"line":68,"column":2},"end":{"line":91,"column":3}},"type":"switch","locations":[{"start":{"line":69,"column":4},"end":{"line":70,"column":43}},{"start":{"line":71,"column":4},"end":{"line":73,"column":61}},{"start":{"line":74,"column":4},"end":{"line":80,"column":92}},{"start":{"line":81,"column":4},"end":{"line":82,"column":44}},{"start":{"line":83,"column":4},"end":{"line":85,"column":61}},{"start":{"line":86,"column":4},"end":{"line":88,"column":64}},{"start":{"line":89,"column":4},"end":{"line":90,"column":60}}]},"7":{"loc":{"start":{"line":72,"column":6},"end":{"line":72,"column":52}},"type":"if","locations":[{"start":{"line":72,"column":6},"end":{"line":72,"column":52}}]},"8":{"loc":{"start":{"line":75,"column":6},"end":{"line":78,"column":7}},"type":"if","locations":[{"start":{"line":75,"column":6},"end":{"line":78,"column":7}}]},"9":{"loc":{"start":{"line":76,"column":8},"end":{"line":76,"column":62}},"type":"if","locations":[{"start":{"line":76,"column":8},"end":{"line":76,"column":62}}]},"10":{"loc":{"start":{"line":79,"column":6},"end":{"line":79,"column":60}},"type":"if","locations":[{"start":{"line":79,"column":6},"end":{"line":79,"column":60}}]},"11":{"loc":{"start":{"line":84,"column":6},"end":{"line":84,"column":52}},"type":"if","locations":[{"start":{"line":84,"column":6},"end":{"line":84,"column":52}}]},"12":{"loc":{"start":{"line":87,"column":6},"end":{"line":87,"column":52}},"type":"if","locations":[{"start":{"line":87,"column":6},"end":{"line":87,"column":52}}]}},"s":{"0":2,"1":2,"2":2,"3":2,"4":2,"5":3,"6":3,"7":3,"8":2,"9":2,"10":2,"11":1,"12":1,"13":1,"14":1,"15":0,"16":1,"17":45,"18":45,"19":17,"20":18,"21":17,"22":1,"23":4,"24":2,"25":1,"26":1,"27":2,"28":1,"29":1,"30":1,"31":2,"32":1,"33":1,"34":2,"35":1,"36":1,"37":1},"f":{"0":3,"1":3,"2":1,"3":45},"b":{"0":[2,1],"1":[2],"2":[3,2,2],"3":[2,0,0],"4":[1,0],"5":[1,1],"6":[17,18,4,1,2,2,1],"7":[17],"8":[2],"9":[1],"10":[1],"11":[1],"12":[1]}}
}
