TN:
SF:src\transport.ts
FN:17,buildUrl
FN:25,toNodeError
FN:40,perfexRequest
FN:62,mapEndpoint
FNF:4
FNH:4
FNDA:3,buildUrl
FNDA:3,toNodeError
FNDA:1,perfexRequest
FNDA:45,mapEndpoint
DA:2,2
DA:17,2
DA:18,3
DA:19,3
DA:25,2
DA:29,3
DA:30,2
DA:31,2
DA:32,2
DA:34,1
DA:40,2
DA:44,1
DA:51,1
DA:52,1
DA:53,0
DA:55,1
DA:62,2
DA:67,45
DA:68,45
DA:70,17
DA:72,18
DA:73,1
DA:75,4
DA:76,2
DA:77,1
DA:79,2
DA:80,1
DA:82,1
DA:84,2
DA:85,1
DA:87,2
DA:88,1
DA:90,1
LF:33
LH:32
BRDA:19,0,0,2
BRDA:19,0,1,1
BRDA:29,1,0,2
BRDA:29,2,0,3
BRDA:29,2,1,2
BRDA:29,2,2,2
BRDA:31,3,0,2
BRDA:31,3,1,0
BRDA:31,3,2,0
BRDA:34,4,0,1
BRDA:34,4,1,0
BRDA:34,5,0,1
BRDA:34,5,1,1
BRDA:68,6,0,17
BRDA:68,6,1,18
BRDA:68,6,2,4
BRDA:68,6,3,1
BRDA:68,6,4,2
BRDA:68,6,5,2
BRDA:68,6,6,1
BRDA:72,7,0,17
BRDA:75,8,0,2
BRDA:76,9,0,1
BRDA:79,10,0,1
BRDA:84,11,0,1
BRDA:87,12,0,1
BRF:26
BRH:23
end_of_record
